[2025-06-16 11:05:56] minne kirjaisin ylityöt?
[2025-06-16 11:06:00] Miten kirjaan ylityöt?
[2025-06-16 12:21:52] minne kirjaan kysymykset?
[2025-06-16 12:21:55] Miten kirjaan sairauspoissaolon?
[2025-06-16 12:22:02] minne kirjaan ylityöt?
[2025-06-16 12:22:06] Miten kirjaan etätyöpäivän?
[2025-07-28 08:58:58] minne kirjaan ylityöt?
[2025-07-28 09:28:33] minne kirjaan ylityöt?
[2025-07-28 09:28:34] Miten kirjaan etätyöpäivän?
[2025-07-28 09:28:36] Miten kirjaan etätyöpäivän?
[2025-07-28 09:59:43] Milloin työ on ylityötä?
[2025-07-28 09:59:47] Miten näen kertyneet ylityötunnit?
[2025-07-28 10:13:48] minne kirjaan ylityöt?
[2025-07-28 10:13:50] Miten kirjaan sairauspoissaolon?
[2025-07-28 10:27:13] Miten muokkaan tapahtumaa?
[2025-07-28 11:50:45] Miten näen ylityöt?
[2025-07-28 11:50:50] Miten näen viimeisimmät ilmoitukset?
[2025-08-12 08:15:15] minne kirjaan ylirtyöt+
[2025-08-12 08:15:18] Miten kirjaan ylityöt, jos unohdan leimata ulos?
[2025-08-12 08:58:27] Minne kirjaan ylityöt?
[2025-08-12 10:27:09] Miten kirjaan sairauspoissaolon?
[2025-08-12 13:36:21] ylityö
[2025-08-12 13:36:23] ylityö
[2025-09-01 17:49:58] moikk
[2025-09-04 19:18:06] miten kirjaan ylityöt?
[2025-09-04 19:18:50] mistä näen raportteja?
[2025-09-04 19:19:32] Miten näen ylityöraportit?
[2025-09-04 19:19:42] missä kissa on?
